   Normalised Error  Observed Rho  Calculated Rho  Original Weight  Final Weight C          P+           P-             C+           C-
       -0.12825      0.10037E+03    0.10011E+03     0.50000E+02     0.50000E+02  0        1  17        1  19          3  19        3  17
       -0.27575      0.99075E+02    0.98530E+02     0.50000E+02     0.50000E+02  0        1  20        1  22          3  22        3  20
       -0.21828      0.98860E+02    0.98429E+02     0.50000E+02     0.50000E+02  0        1  16        1  18          3  18        3  16
        0.48677      0.10038E+03    0.10137E+03     0.50000E+02     0.50000E+02  0        1  10        1  12          3  12        3  10
        0.85023      0.96936E+02    0.98598E+02     0.50000E+02     0.50000E+02  0        1  21        1  23          3  23        3  21
       -0.96626      0.10019E+03    0.98273E+02     0.50000E+02     0.50000E+02  0        1   3        1   5          3   5        3   3
        0.45435      0.94173E+02    0.95033E+02     0.50000E+02     0.50000E+02  0        1  12        1  14          3  14        3  12
        0.57612      0.97072E+02    0.98197E+02     0.50000E+02     0.50000E+02  0        1  19        1  21          3  21        3  19
        0.17389      0.96264E+02    0.96599E+02     0.50000E+02     0.50000E+02  0        1   1        1   3          3   3        3   1
       -0.17578      0.99075E+02    0.98727E+02     0.50000E+02     0.50000E+02  0        1   4        1   6          3   6        3   4
       -1.94482      0.10994E+03    0.10575E+03     0.50000E+02     0.50000E+02  0        1   8        1  10          3  10        3   8
        1.17319      0.92939E+02    0.95145E+02     0.50000E+02     0.50000E+02  0        1   7        1   9          3   9        3   7
       -0.67446      0.97415E+02    0.96110E+02     0.50000E+02     0.50000E+02  0        1   2        1   4          3   4        3   2
        0.29203      0.99708E+02    0.10029E+03     0.50000E+02     0.50000E+02  0        1  23        1  25          3  25        3  23
        0.60798      0.97788E+02    0.98984E+02     0.50000E+02     0.50000E+02  0        1  18        1  20          3  20        3  18
        0.64953      0.96747E+02    0.98012E+02     0.50000E+02     0.50000E+02  0        1  13        1  15          3  15        3  13
        0.55338      0.90975E+02    0.91988E+02     0.50000E+02     0.50000E+02  0        1   6        1   8          3   8        3   6
       -0.10974      0.96273E+02    0.96062E+02     0.50000E+02     0.50000E+02  0        1   5        1   7          3   7        3   5
       -1.18096      0.10066E+03    0.98307E+02     0.50000E+02     0.50000E+02  0        1  15        1  17          3  17        3  15
        0.18394      0.89359E+02    0.89688E+02     0.50000E+02     0.50000E+02  0        1  11        1  13          3  13        3  11
       -0.43496      0.97907E+02    0.97059E+02     0.50000E+02     0.50000E+02  0        1  14        1  16          3  16        3  14
       -2.94362      0.12020E+03    0.11333E+03     0.50000E+02     0.50000E+02  0        1   9        1  11          3  11        3   9
        0.27940      0.98421E+02    0.98972E+02     0.50000E+02     0.50000E+02  0        1  22        1  24          3  24        3  22
       -0.21576      0.98791E+02    0.98365E+02     0.50000E+02     0.50000E+02  0        1  21        1  23          2  23        2  21
        0.97967      0.99057E+02    0.10102E+03     0.50000E+02     0.50000E+02  0        2  11        2  13          3  13        3  11
        1.12355      0.94929E+02    0.97086E+02     0.50000E+02     0.50000E+02  0        1   1        1   3          2   3        2   1
        0.59604      0.99441E+02    0.10063E+03     0.50000E+02     0.50000E+02  0        1  18        1  20          2  20        2  18
        0.01820      0.97285E+02    0.97321E+02     0.50000E+02     0.50000E+02  0        2   1        2   3          3   3        3   1
        0.19649      0.96900E+02    0.97281E+02     0.50000E+02     0.50000E+02  0        2   2        2   4          3   4        3   2
        0.49809      0.11233E+03    0.11345E+03     0.50000E+02     0.50000E+02  0        1  10        1  12          2  12        2  10
        0.74555      0.10009E+03    0.10160E+03     0.50000E+02     0.50000E+02  0        1  14        1  16          2  16        2  14
       -0.53583      0.11725E+03    0.11600E+03     0.50000E+02     0.50000E+02  0        2   8        2  10          3  10        3   8
        0.07094      0.10582E+03    0.10597E+03     0.50000E+02     0.50000E+02  0        1   7        1   9          2   9        2   7
        0.06831      0.98082E+02    0.98216E+02     0.50000E+02     0.50000E+02  0        2  19        2  21          3  21        3  19
        0.21769      0.98038E+02    0.98466E+02     0.50000E+02     0.50000E+02  0        2  22        2  24          3  24        3  22
        1.54630      0.10226E+03    0.10547E+03     0.50000E+02     0.50000E+02  0        2  12        2  14          3  14        3  12
        0.32006      0.11153E+03    0.11225E+03     0.50000E+02     0.50000E+02  0        2  10        2  12          3  12        3  10
       -0.67013      0.10155E+03    0.10020E+03     0.50000E+02     0.50000E+02  0        1  22        1  24          2  24        2  22
        0.41208      0.10034E+03    0.10117E+03     0.50000E+02     0.50000E+02  0        1  20        1  22          2  22        2  20
       -0.51861      0.99983E+02    0.98952E+02     0.50000E+02     0.50000E+02  0        2   3        2   5          3   5        3   3
        1.15219      0.97691E+02    0.99968E+02     0.50000E+02     0.50000E+02  0        1   4        1   6          2   6        2   4
       -0.67395      0.10799E+03    0.10654E+03     0.50000E+02     0.50000E+02  0        2   7        2   9          3   9        3   7
        0.45536      0.10322E+03    0.10417E+03     0.50000E+02     0.50000E+02  0        2   5        2   7          3   7        3   5
       -0.67983      0.10152E+03    0.10014E+03     0.50000E+02     0.50000E+02  0        1  23        1  25          2  25        2  23
       -1.01184      0.12485E+03    0.12235E+03     0.50000E+02     0.50000E+02  0        2   9        2  11          3  11        3   9
       -0.10077      0.10179E+03    0.10158E+03     0.50000E+02     0.50000E+02  0        1  12        1  14          2  14        2  12
       -0.79187      0.10135E+03    0.99753E+02     0.50000E+02     0.50000E+02  0        2   6        2   8          3   8        3   6
        0.07787      0.10057E+03    0.10073E+03     0.50000E+02     0.50000E+02  0        1   6        1   8          2   8        2   6
        1.19559      0.97297E+02    0.99652E+02     0.50000E+02     0.50000E+02  0        1   5        1   7          2   7        2   5
       -0.13862      0.98145E+02    0.97873E+02     0.50000E+02     0.50000E+02  0        2  14        2  16          3  16        3  14
       -0.71394      0.98942E+02    0.97540E+02     0.50000E+02     0.50000E+02  0        2  16        2  18          3  18        3  16
       -1.62113      0.10604E+03    0.10266E+03     0.50000E+02     0.50000E+02  0        1  11        1  13          2  13        2  11
        1.31585      0.98191E+02    0.10081E+03     0.50000E+02     0.50000E+02  0        1  15        1  17          2  17        2  15
        0.71168      0.99770E+02    0.10120E+03     0.50000E+02     0.50000E+02  0        2  21        2  23          3  23        3  21
       -0.63040      0.10302E+03    0.10173E+03     0.50000E+02     0.50000E+02  0        2  23        2  25          3  25        3  23
        0.52644      0.94038E+02    0.95033E+02     0.50000E+02     0.50000E+02  0        1   2        1   4          2   4        2   2
       -1.93851      0.11848E+03    0.11398E+03     0.50000E+02     0.50000E+02  0        1   8        1  10          2  10        2   8
        0.67501      0.99359E+02    0.10071E+03     0.50000E+02     0.50000E+02  0        1  16        1  18          2  18        2  16
       -1.86739      0.12675E+03    0.12211E+03     0.50000E+02     0.50000E+02  0        1   9        1  11          2  11        2   9
        0.89181      0.10006E+03    0.10186E+03     0.50000E+02     0.50000E+02  0        1  13        1  15          2  15        2  13
        1.94738      0.97726E+02    0.10161E+03     0.50000E+02     0.50000E+02  0        2   4        2   6          3   6        3   4
       -1.25348      0.10031E+03    0.97827E+02     0.50000E+02     0.50000E+02  0        1   3        1   5          2   5        2   3
        0.27037      0.10088E+03    0.10142E+03     0.50000E+02     0.50000E+02  0        2  20        2  22          3  22        3  20
        0.64044      0.10117E+03    0.10247E+03     0.50000E+02     0.50000E+02  0        2  17        2  19          3  19        3  17
       -0.31109      0.10064E+03    0.10001E+03     0.50000E+02     0.50000E+02  0        1  19        1  21          2  21        2  19
       -0.47239      0.10097E+03    0.10002E+03     0.50000E+02     0.50000E+02  0        1  17        1  19          2  19        2  17
       -0.03816      0.10023E+03    0.10015E+03     0.50000E+02     0.50000E+02  0        2  15        2  17          3  17        3  15
        1.66335      0.97859E+02    0.10117E+03     0.50000E+02     0.50000E+02  0        2  13        2  15          3  15        3  13
        0.34331      0.99384E+02    0.10007E+03     0.50000E+02     0.50000E+02  0        2  18        2  20          3  20        3  18
        0.41147      0.97460E+02    0.98265E+02     0.50000E+02     0.50000E+02  0        1  14        1  16          1  20        1  18
       -0.39016      0.99795E+02    0.99019E+02     0.50000E+02     0.50000E+02  0        3  13        3  15          3  19        3  17
        0.90464      0.10160E+03    0.10346E+03     0.50000E+02     0.50000E+02  0        3  10        3  12          3  16        3  14
       -0.74007      0.13375E+03    0.13179E+03     0.50000E+02     0.50000E+02  0        2   8        2  10          2  14        2  12
        1.15996      0.95903E+02    0.98154E+02     0.50000E+02     0.50000E+02  0        1  16        1  18          1  22        1  20
        0.15909      0.98041E+02    0.98354E+02     0.50000E+02     0.50000E+02  0        1  18        1  20          1  24        1  22
        0.39798      0.99103E+02    0.99895E+02     0.50000E+02     0.50000E+02  0        1   1        1   3          1   7        1   5
        0.35391      0.10707E+03    0.10783E+03     0.50000E+02     0.50000E+02  0        2   4        2   6          2  10        2   8
       -2.60767      0.10868E+03    0.10315E+03     0.50000E+02     0.50000E+02  0        3   9        3  11          3  15        3  13
       -0.22957      0.98582E+02    0.98130E+02     0.50000E+02     0.50000E+02  0        2   3        2   5          2   9        2   7
       -1.95570      0.10051E+03    0.96650E+02     0.50000E+02     0.50000E+02  0        1  17        1  19          1  23        1  21
        0.81812      0.10114E+03    0.10280E+03     0.50000E+02     0.50000E+02  0        1   3        1   5          1   9        1   7
        1.07619      0.97392E+02    0.99511E+02     0.50000E+02     0.50000E+02  0        1  13        1  15          1  19        1  17
        1.03813      0.99166E+02    0.10125E+03     0.50000E+02     0.50000E+02  0        2  10        2  12          2  16        2  14
       -2.31187      0.11421E+03    0.10905E+03     0.50000E+02     0.50000E+02  0        3   6        3   8          3  12        3  10
        0.55993      0.10016E+03    0.10128E+03     0.50000E+02     0.50000E+02  0        1   9        1  11          1  15        1  13
       -1.33489      0.13893E+03    0.13527E+03     0.50000E+02     0.50000E+02  0        2   6        2   8          2  12        2  10
        0.79285      0.11057E+03    0.11234E+03     0.50000E+02     0.50000E+02  0        1   6        1   8          1  12        1  10
       -4.47479      0.14000E+03    0.12802E+03     0.50000E+02     0.50000E+02  0        2   7        2   9          2  13        2  11
       -1.68607      0.12857E+03    0.12431E+03     0.50000E+02     0.50000E+02  0        2   5        2   7          2  11        2   9
       -1.00700      0.10035E+03    0.98344E+02     0.50000E+02     0.50000E+02  0        1  10        1  12          1  16        1  14
       -0.89313      0.95358E+02    0.93669E+02     0.50000E+02     0.50000E+02  0        2  11        2  13          2  17        2  15
       -0.98020      0.97189E+02    0.95302E+02     0.50000E+02     0.50000E+02  0        3   1        3   3          3   7        3   5
        2.36822      0.10363E+03    0.10866E+03     0.50000E+02     0.50000E+02  0        1   7        1   9          1  13        1  11
        0.55855      0.99958E+02    0.10108E+03     0.50000E+02     0.50000E+02  0        3  12        3  14          3  18        3  16
        1.48594      0.96483E+02    0.99393E+02     0.50000E+02     0.50000E+02  0        1  15        1  17          1  21        1  19
        0.83180      0.97169E+02    0.98799E+02     0.50000E+02     0.50000E+02  0        2  15        2  17          2  21        2  19
       -0.57625      0.97966E+02    0.96843E+02     0.50000E+02     0.50000E+02  0        2   2        2   4          2   8        2   6
        0.53969      0.11440E+03    0.11564E+03     0.50000E+02     0.50000E+02  0        2   9        2  11          2  15        2  13
       -0.45238      0.10093E+03    0.10002E+03     0.50000E+02     0.50000E+02  0        1  11        1  13          1  17        1  15
        2.17711      0.10575E+03    0.11046E+03     0.50000E+02     0.50000E+02  0        3   8        3  10          3  14        3  12
        0.59954      0.10753E+03    0.10882E+03     0.50000E+02     0.50000E+02  0        3   7        3   9          3  13        3  11
       -1.41373      0.10774E+03    0.10474E+03     0.50000E+02     0.50000E+02  0        3  16        3  18          3  22        3  20
        1.51091      0.97194E+02    0.10018E+03     0.50000E+02     0.50000E+02  0        3  19        3  21          3  25        3  23
       -1.03966      0.97697E+02    0.95687E+02     0.50000E+02     0.50000E+02  0        2  12        2  14          2  18        2  16
       -1.81133      0.10235E+03    0.98712E+02     0.50000E+02     0.50000E+02  0        1  12        1  14          1  18        1  16
       -0.15386      0.10165E+03    0.10133E+03     0.50000E+02     0.50000E+02  0        3  14        3  16          3  20        3  18
       -2.45666      0.10236E+03    0.97456E+02     0.50000E+02     0.50000E+02  0        3  17        3  19          3  23        3  21
        0.43172      0.93701E+02    0.94514E+02     0.50000E+02     0.50000E+02  0        3   2        3   4          3   8        3   6
        1.28483      0.95078E+02    0.97553E+02     0.50000E+02     0.50000E+02  0        3   3        3   5          3   9        3   7
       -1.38323      0.10340E+03    0.10057E+03     0.50000E+02     0.50000E+02  0        1   4        1   6          1  10        1   8
       -1.31039      0.10336E+03    0.10068E+03     0.50000E+02     0.50000E+02  0        3  18        3  20          3  24        3  22
       -0.55367      0.99581E+02    0.98485E+02     0.50000E+02     0.50000E+02  0        2  13        2  15          2  19        2  17
        0.08133      0.97786E+02    0.97945E+02     0.50000E+02     0.50000E+02  0        1   2        1   4          1   8        1   6
        1.02900      0.10686E+03    0.10908E+03     0.50000E+02     0.50000E+02  0        1   8        1  10          1  14        1  12
        0.32168      0.10638E+03    0.10706E+03     0.50000E+02     0.50000E+02  0        1   5        1   7          1  11        1   9
        1.44437      0.94306E+02    0.97070E+02     0.50000E+02     0.50000E+02  0        2  18        2  20          2  24        2  22
       -1.37622      0.10513E+03    0.10228E+03     0.50000E+02     0.50000E+02  0        3   4        3   6          3  10        3   8
       -0.75417      0.97125E+02    0.95671E+02     0.50000E+02     0.50000E+02  0        2  16        2  18          2  22        2  20
        1.44268      0.10682E+03    0.10994E+03     0.50000E+02     0.50000E+02  0        3   5        3   7          3  11        3   9
        0.19947      0.99268E+02    0.99665E+02     0.50000E+02     0.50000E+02  0        2  17        2  19          2  23        2  21
       -1.36822      0.10316E+03    0.10037E+03     0.50000E+02     0.50000E+02  0        1  19        1  21          1  25        1  23
        1.56780      0.97779E+02    0.10089E+03     0.50000E+02     0.50000E+02  0        3  11        3  13          3  17        3  15
       -1.10534      0.10159E+03    0.99365E+02     0.50000E+02     0.50000E+02  0        3  15        3  17          3  21        3  19
       -0.16280      0.98879E+02    0.98557E+02     0.50000E+02     0.50000E+02  0        2  14        2  16          2  20        2  18
        0.87894      0.96567E+02    0.98280E+02     0.50000E+02     0.50000E+02  0        2  19        2  21          2  25        2  23
       -2.16537      0.10020E+03    0.95952E+02     0.50000E+02     0.50000E+02  0        2   1        2   3          2   7        2   5
        0.55516      0.95620E+02    0.96688E+02     0.50000E+02     0.50000E+02  0        2  18        2  20          2  25        2  23
       -0.89456      0.10020E+03    0.98427E+02     0.50000E+02     0.50000E+02  0        3   3        3   5          3  10        3   8
        0.37538      0.10788E+03    0.10870E+03     0.50000E+02     0.50000E+02  0        1   8        1  10          1  15        1  13
       -0.09262      0.97603E+02    0.97422E+02     0.50000E+02     0.50000E+02  0        1  16        1  18          1  23        1  21
       -0.40424      0.10077E+03    0.99960E+02     0.50000E+02     0.50000E+02  0        3  17        3  19          3  24        3  22
       -1.29770      0.10069E+03    0.98109E+02     0.50000E+02     0.50000E+02  0        1  14        1  16          1  21        1  19
        1.14930      0.10863E+03    0.11116E+03     0.50000E+02     0.50000E+02  0        3   7        3   9          3  14        3  12
       -0.89878      0.95276E+02    0.93578E+02     0.50000E+02     0.50000E+02  0        2  11        2  13          2  18        2  16
       -0.01375      0.99702E+02    0.99675E+02     0.50000E+02     0.50000E+02  0        3  11        3  13          3  18        3  16
        0.88270      0.97247E+02    0.98979E+02     0.50000E+02     0.50000E+02  0        3   2        3   4          3   9        3   7
        0.24352      0.99006E+02    0.99490E+02     0.50000E+02     0.50000E+02  0        1  12        1  14          1  19        1  17
       -0.00483      0.97014E+02    0.97005E+02     0.50000E+02     0.50000E+02  0        2   2        2   4          2   9        2   7
        0.35843      0.10805E+03    0.10882E+03     0.50000E+02     0.50000E+02  0        1   7        1   9          1  14        1  12
        0.15823      0.99627E+02    0.99942E+02     0.50000E+02     0.50000E+02  0        1  10        1  12          1  17        1  15
       -3.38715      0.13048E+03    0.12194E+03     0.50000E+02     0.50000E+02  0        2   8        2  10          2  15        2  13
        1.23428      0.98106E+02    0.10056E+03     0.50000E+02     0.50000E+02  0        3  10        3  12          3  17        3  15
       -0.03818      0.99302E+02    0.99226E+02     0.50000E+02     0.50000E+02  0        2  13        2  15          2  20        2  18
        0.97003      0.10048E+03    0.10245E+03     0.50000E+02     0.50000E+02  0        3  16        3  18          3  23        3  21
        1.53457      0.99389E+02    0.10249E+03     0.50000E+02     0.50000E+02  0        2  10        2  12          2  17        2  15
        0.12675      0.10139E+03    0.10165E+03     0.50000E+02     0.50000E+02  0        1   3        1   5          1  10        1   8
       -0.52054      0.10006E+03    0.99021E+02     0.50000E+02     0.50000E+02  0        1  17        1  19          1  24        1  22
        0.89062      0.97839E+02    0.99597E+02     0.50000E+02     0.50000E+02  0        1  15        1  17          1  22        1  20
       -0.66814      0.10175E+03    0.10040E+03     0.50000E+02     0.50000E+02  0        1  11        1  13          1  18        1  16
        0.67047      0.97870E+02    0.99191E+02     0.50000E+02     0.50000E+02  0        2  17        2  19          2  24        2  22
        0.54251      0.10788E+03    0.10905E+03     0.50000E+02     0.50000E+02  0        3   8        3  10          3  15        3  13
       -2.05108      0.12784E+03    0.12270E+03     0.50000E+02     0.50000E+02  0        2   4        2   6          2  11        2   9
        0.68378      0.10865E+03    0.11015E+03     0.50000E+02     0.50000E+02  0        1   5        1   7          1  12        1  10
       -0.80911      0.98949E+02    0.97360E+02     0.50000E+02     0.50000E+02  0        2  12        2  14          2  19        2  17
        0.51223      0.10314E+03    0.10420E+03     0.50000E+02     0.50000E+02  0        1   4        1   6          1  11        1   9
       -3.38682      0.12893E+03    0.12048E+03     0.50000E+02     0.50000E+02  0        2   5        2   7          2  12        2  10
        0.23062      0.98747E+02    0.99204E+02     0.50000E+02     0.50000E+02  0        1  18        1  20          1  25        1  23
       -0.49811      0.10147E+03    0.10047E+03     0.50000E+02     0.50000E+02  0        1   9        1  11          1  16        1  14
        0.51592      0.97345E+02    0.98355E+02     0.50000E+02     0.50000E+02  0        2  14        2  16          2  21        2  19
        1.12780      0.10712E+03    0.10956E+03     0.50000E+02     0.50000E+02  0        3   5        3   7          3  12        3  10
       -0.48912      0.11768E+03    0.11654E+03     0.50000E+02     0.50000E+02  0        2   9        2  11          2  16        2  14
       -0.76063      0.95878E+02    0.94430E+02     0.50000E+02     0.50000E+02  0        2   1        2   3          2   8        2   6
        0.14280      0.10261E+03    0.10291E+03     0.50000E+02     0.50000E+02  0        3  15        3  17          3  22        3  20
       -0.35728      0.10195E+03    0.10122E+03     0.50000E+02     0.50000E+02  0        3  14        3  16          3  21        3  19
        0.07976      0.10002E+03    0.10018E+03     0.50000E+02     0.50000E+02  0        2  16        2  18          2  23        2  21
        0.28856      0.99366E+02    0.99941E+02     0.50000E+02     0.50000E+02  0        3  13        3  15          3  20        3  18
        1.48560      0.10752E+03    0.11076E+03     0.50000E+02     0.50000E+02  0        2   3        2   5          2  10        2   8
        0.34754      0.99630E+02    0.10032E+03     0.50000E+02     0.50000E+02  0        1   2        1   4          1   9        1   7
       -2.04444      0.12016E+03    0.11535E+03     0.50000E+02     0.50000E+02  0        2   7        2   9          2  14        2  12
       -1.64467      0.10727E+03    0.10380E+03     0.50000E+02     0.50000E+02  0        2   6        2   8          2  13        2  11
       -0.09154      0.10764E+03    0.10745E+03     0.50000E+02     0.50000E+02  0        1   6        1   8          1  13        1  11
        0.30646      0.10637E+03    0.10702E+03     0.50000E+02     0.50000E+02  0        3   4        3   6          3  11        3   9
       -0.72933      0.11136E+03    0.10975E+03     0.50000E+02     0.50000E+02  0        3   6        3   8          3  13        3  11
        0.09365      0.96635E+02    0.96816E+02     0.50000E+02     0.50000E+02  0        3   1        3   3          3   8        3   6
        0.15421      0.97877E+02    0.98179E+02     0.50000E+02     0.50000E+02  0        1  13        1  15          1  20        1  18
       -0.75728      0.10225E+03    0.10071E+03     0.50000E+02     0.50000E+02  0        3  12        3  14          3  19        3  17
       -0.04109      0.99885E+02    0.99803E+02     0.50000E+02     0.50000E+02  0        3  18        3  20          3  25        3  23
       -0.58018      0.10381E+03    0.10261E+03     0.50000E+02     0.50000E+02  0        3   9        3  11          3  16        3  14
       -0.54068      0.98949E+02    0.97884E+02     0.50000E+02     0.50000E+02  0        1   1        1   3          1   8        1   6
       -0.41932      0.98111E+02    0.97291E+02     0.50000E+02     0.50000E+02  0        2  15        2  17          2  22        2  20
        0.35173      0.96095E+02    0.96773E+02     0.50000E+02     0.50000E+02  0        2  15        2  17          3  21        3  19
       -0.08716      0.99156E+02    0.98983E+02     0.50000E+02     0.50000E+02  0        2   3        2   5          3   9        3   7
       -0.21834      0.99016E+02    0.98585E+02     0.50000E+02     0.50000E+02  0        1  14        1  16          2  20        2  18
        0.94994      0.94183E+02    0.95989E+02     0.50000E+02     0.50000E+02  0        1  13        1  15          2  19        2  17
        0.47468      0.98531E+02    0.99471E+02     0.50000E+02     0.50000E+02  0        1  19        1  21          2  25        2  23
        0.29066      0.96148E+02    0.96709E+02     0.50000E+02     0.50000E+02  0        2  12        2  14          3  18        3  16
       -1.43392      0.10222E+03    0.99328E+02     0.50000E+02     0.50000E+02  0        1  15        1  17          2  21        2  19
       -1.47402      0.12535E+03    0.12171E+03     0.50000E+02     0.50000E+02  0        1   5        1   7          2  11        2   9
        0.66722      0.90493E+02    0.91708E+02     0.50000E+02     0.50000E+02  0        1   1        1   3          2   7        2   5
       -0.31874      0.10120E+03    0.10056E+03     0.50000E+02     0.50000E+02  0        2  17        2  19          3  23        3  21
       -0.34628      0.99633E+02    0.98945E+02     0.50000E+02     0.50000E+02  0        2   1        2   3          3   7        3   5
        1.31677      0.11012E+03    0.11306E+03     0.50000E+02     0.50000E+02  0        1   4        1   6          2  10        2   8
       -3.94817      0.12715E+03    0.11749E+03     0.50000E+02     0.50000E+02  0        1   6        1   8          2  12        2  10
       -1.00708      0.94343E+02    0.92462E+02     0.50000E+02     0.50000E+02  0        2  11        2  13          3  17        3  15
        0.26216      0.96729E+02    0.97237E+02     0.50000E+02     0.50000E+02  0        1  12        1  14          2  18        2  16
       -4.82779      0.13476E+03    0.12236E+03     0.50000E+02     0.50000E+02  0        2   8        2  10          3  14        3  12
        0.41681      0.11885E+03    0.11984E+03     0.50000E+02     0.50000E+02  0        2   9        2  11          3  15        3  13
        0.23285      0.11339E+03    0.11392E+03     0.50000E+02     0.50000E+02  0        1   9        1  11          2  15        2  13
       -2.98117      0.11960E+03    0.11268E+03     0.50000E+02     0.50000E+02  0        2   7        2   9          3  13        3  11
        1.90009      0.96363E+02    0.10010E+03     0.50000E+02     0.50000E+02  0        2  10        2  12          3  16        3  14
       -0.03472      0.95701E+02    0.95635E+02     0.50000E+02     0.50000E+02  0        1   3        1   5          2   9        2   7
        0.46464      0.98316E+02    0.99234E+02     0.50000E+02     0.50000E+02  0        1  18        1  20          2  24        2  22
        0.12884      0.11384E+03    0.11414E+03     0.50000E+02     0.50000E+02  0        1   8        1  10          2  14        2  12
       -0.34028      0.10151E+03    0.10082E+03     0.50000E+02     0.50000E+02  0        2  16        2  18          3  22        3  20
       -0.73064      0.11869E+03    0.11697E+03     0.50000E+02     0.50000E+02  0        2   5        2   7          3  11        3   9
       -0.75256      0.10178E+03    0.10026E+03     0.50000E+02     0.50000E+02  0        1  17        1  19          2  23        2  21
       -1.07477      0.10151E+03    0.99353E+02     0.50000E+02     0.50000E+02  0        2  19        2  21          3  25        3  23
        0.33615      0.97229E+02    0.97885E+02     0.50000E+02     0.50000E+02  0        2  18        2  20          3  24        3  22
       -0.29232      0.10518E+03    0.10456E+03     0.50000E+02     0.50000E+02  0        1  10        1  12          2  16        2  14
        0.07234      0.99138E+02    0.99282E+02     0.50000E+02     0.50000E+02  0        2  13        2  15          3  19        3  17
        0.79717      0.10555E+03    0.10725E+03     0.50000E+02     0.50000E+02  0        2   4        2   6          3  10        3   8
       -0.60814      0.11672E+03    0.11531E+03     0.50000E+02     0.50000E+02  0        2   6        2   8          3  12        3  10
        0.41321      0.97450E+02    0.98258E+02     0.50000E+02     0.50000E+02  0        2   2        2   4          3   8        3   6
       -1.82047      0.11747E+03    0.11327E+03     0.50000E+02     0.50000E+02  0        1   7        1   9          2  13        2  11
        0.28959      0.99162E+02    0.99738E+02     0.50000E+02     0.50000E+02  0        2  14        2  16          3  20        3  18
        0.07669      0.92282E+02    0.92424E+02     0.50000E+02     0.50000E+02  0        1   2        1   4          2   8        2   6
       -0.27988      0.99493E+02    0.98937E+02     0.50000E+02     0.50000E+02  0        1  11        1  13          2  17        2  15
        0.18647      0.99150E+02    0.99521E+02     0.50000E+02     0.50000E+02  0        1  16        1  18          2  22        2  20
        0.41782      0.10197E+03    0.10283E+03     0.50000E+02     0.50000E+02  0        3  14        3  16          3  22        3  20
       -0.58131      0.10092E+03    0.99750E+02     0.50000E+02     0.50000E+02  0        1  10        1  12          1  18        1  16
        0.64917      0.10037E+03    0.10168E+03     0.50000E+02     0.50000E+02  0        3  16        3  18          3  24        3  22
        0.39809      0.99125E+02    0.99917E+02     0.50000E+02     0.50000E+02  0        3  17        3  19          3  25        3  23
       -0.77837      0.10186E+03    0.10029E+03     0.50000E+02     0.50000E+02  0        3   2        3   4          3  10        3   8
       -0.19246      0.10865E+03    0.10823E+03     0.50000E+02     0.50000E+02  0        1   7        1   9          1  15        1  13
       -0.53470      0.10020E+03    0.99129E+02     0.50000E+02     0.50000E+02  0        1  14        1  16          1  22        1  20
       -0.81331      0.10925E+03    0.10748E+03     0.50000E+02     0.50000E+02  0        1   6        1   8          1  14        1  12
        0.87947      0.10383E+03    0.10567E+03     0.50000E+02     0.50000E+02  0        1   3        1   5          1  11        1   9
        0.67306      0.97617E+02    0.98939E+02     0.50000E+02     0.50000E+02  0        2  17        2  19          2  25        2  23
       -0.52404      0.95738E+02    0.94739E+02     0.50000E+02     0.50000E+02  0        2  11        2  13          2  19        2  17
       -0.32687      0.10705E+03    0.10635E+03     0.50000E+02     0.50000E+02  0        1   5        1   7          1  13        1  11
        0.59348      0.96154E+02    0.97302E+02     0.50000E+02     0.50000E+02  0        2   1        2   3          2   9        2   7
        0.09154      0.97608E+02    0.97786E+02     0.50000E+02     0.50000E+02  0        2  14        2  16          2  22        2  20
        0.04482      0.10730E+03    0.10740E+03     0.50000E+02     0.50000E+02  0        1   8        1  10          1  16        1  14
       -2.84479      0.12322E+03    0.11641E+03     0.50000E+02     0.50000E+02  0        2   4        2   6          2  12        2  10
        0.10491      0.10677E+03    0.10699E+03     0.50000E+02     0.50000E+02  0        1   4        1   6          1  12        1  10
        0.06494      0.10664E+03    0.10678E+03     0.50000E+02     0.50000E+02  0        3   8        3  10          3  16        3  14
       -0.02655      0.10213E+03    0.10208E+03     0.50000E+02     0.50000E+02  0        1   9        1  11          1  17        1  15
       -0.45160      0.10141E+03    0.10050E+03     0.50000E+02     0.50000E+02  0        3  12        3  14          3  20        3  18
        0.43303      0.10417E+03    0.10508E+03     0.50000E+02     0.50000E+02  0        3   3        3   5          3  11        3   9
       -0.65877      0.98262E+02    0.96976E+02     0.50000E+02     0.50000E+02  0        2  12        2  14          2  20        2  18
        0.36646      0.97728E+02    0.98447E+02     0.50000E+02     0.50000E+02  0        2  13        2  15          2  21        2  19
        0.16588      0.94742E+02    0.95057E+02     0.50000E+02     0.50000E+02  0        2   6        2   8          2  14        2  12
        0.13911      0.98862E+02    0.99138E+02     0.50000E+02     0.50000E+02  0        2  16        2  18          2  24        2  22
        0.25407      0.97713E+02    0.98211E+02     0.50000E+02     0.50000E+02  0        1  16        1  18          1  24        1  22
        0.38877      0.10750E+03    0.10834E+03     0.50000E+02     0.50000E+02  0        3   4        3   6          3  12        3  10
       -0.05867      0.99990E+02    0.99873E+02     0.50000E+02     0.50000E+02  0        1   1        1   3          1   9        1   7
       -0.49011      0.10129E+03    0.10030E+03     0.50000E+02     0.50000E+02  0        3  11        3  13          3  19        3  17
        0.15901      0.10222E+03    0.10255E+03     0.50000E+02     0.50000E+02  0        3   9        3  11          3  17        3  15
       -0.11406      0.98757E+02    0.98532E+02     0.50000E+02     0.50000E+02  0        1  12        1  14          1  20        1  18
       -0.34535      0.10003E+03    0.99338E+02     0.50000E+02     0.50000E+02  0        1  17        1  19          1  25        1  23
        0.19874      0.10994E+03    0.11037E+03     0.50000E+02     0.50000E+02  0        3   7        3   9          3  15        3  13
       -0.18085      0.10994E+03    0.10954E+03     0.50000E+02     0.50000E+02  0        3   6        3   8          3  14        3  12
       -0.00210      0.10797E+03    0.10797E+03     0.50000E+02     0.50000E+02  0        3   5        3   7          3  13        3  11
       -2.62820      0.11359E+03    0.10777E+03     0.50000E+02     0.50000E+02  0        2   7        2   9          2  15        2  13
        0.64818      0.99441E+02    0.10074E+03     0.50000E+02     0.50000E+02  0        3  10        3  12          3  18        3  16
        0.50473      0.98190E+02    0.99186E+02     0.50000E+02     0.50000E+02  0        3   1        3   3          3   9        3   7
        0.30624      0.98419E+02    0.99023E+02     0.50000E+02     0.50000E+02  0        1  15        1  17          1  23        1  21
        0.51278      0.99468E+02    0.10049E+03     0.50000E+02     0.50000E+02  0        3  15        3  17          3  23        3  21
       -2.88205      0.12769E+03    0.12054E+03     0.50000E+02     0.50000E+02  0        2   8        2  10          2  16        2  14
       -2.05678      0.12763E+03    0.12249E+03     0.50000E+02     0.50000E+02  0        2   3        2   5          2  11        2   9
       -0.06751      0.10150E+03    0.10136E+03     0.50000E+02     0.50000E+02  0        1   2        1   4          1  10        1   8
       -0.28240      0.99824E+02    0.99262E+02     0.50000E+02     0.50000E+02  0        3  13        3  15          3  21        3  19
       -0.28611      0.11892E+03    0.11824E+03     0.50000E+02     0.50000E+02  0        2   9        2  11          2  17        2  15
        1.68583      0.10793E+03    0.11164E+03     0.50000E+02     0.50000E+02  0        2   2        2   4          2  10        2   8
       -1.07871      0.98910E+02    0.96799E+02     0.50000E+02     0.50000E+02  0        2   5        2   7          2  13        2  11
       -0.84218      0.10003E+03    0.98356E+02     0.50000E+02     0.50000E+02  0        1  13        1  15          1  21        1  19
       -0.28910      0.99607E+02    0.99033E+02     0.50000E+02     0.50000E+02  0        2  15        2  17          2  23        2  21
        1.28701      0.10029E+03    0.10290E+03     0.50000E+02     0.50000E+02  0        2  10        2  12          2  18        2  16
        0.92498      0.99194E+02    0.10105E+03     0.50000E+02     0.50000E+02  0        1  11        1  13          1  19        1  17
       -0.95082      0.92518E+02    0.90775E+02     0.50000E+02     0.50000E+02  0        1   1        1   3          2   8        2   6
       -0.40517      0.98694E+02    0.97898E+02     0.50000E+02     0.50000E+02  0        1  11        1  13          2  18        2  16
       -1.63459      0.10525E+03    0.10187E+03     0.50000E+02     0.50000E+02  0        2   6        2   8          3  13        3  11
        0.18795      0.10362E+03    0.10401E+03     0.50000E+02     0.50000E+02  0        2   3        2   5          3  10        3   8
       -0.50943      0.99307E+02    0.98300E+02     0.50000E+02     0.50000E+02  0        1  14        1  16          2  21        2  19
       -0.58943      0.99800E+02    0.98631E+02     0.50000E+02     0.50000E+02  0        1  16        1  18          2  23        2  21
       -0.34740      0.10024E+03    0.99550E+02     0.50000E+02     0.50000E+02  0        2   2        2   4          3   9        3   7
       -0.92093      0.11913E+03    0.11695E+03     0.50000E+02     0.50000E+02  0        2   9        2  11          3  16        3  14
       -0.18171      0.93555E+02    0.93215E+02     0.50000E+02     0.50000E+02  0        2  11        2  13          3  18        3  16
       -0.87187      0.10014E+03    0.98414E+02     0.50000E+02     0.50000E+02  0        2   1        2   3          3   8        3   6
        0.98475      0.10861E+03    0.11077E+03     0.50000E+02     0.50000E+02  0        1   3        1   5          2  10        2   8
       -0.38397      0.98101E+02    0.97351E+02     0.50000E+02     0.50000E+02  0        2  12        2  14          3  19        3  17
        0.18851      0.10303E+03    0.10342E+03     0.50000E+02     0.50000E+02  0        1  10        1  12          2  17        2  15
        0.55327      0.10001E+03    0.10113E+03     0.50000E+02     0.50000E+02  0        2  10        2  12          3  17        3  15
        0.46436      0.94978E+02    0.95865E+02     0.50000E+02     0.50000E+02  0        1   2        1   4          2   9        2   7
       -0.52506      0.98040E+02    0.97016E+02     0.50000E+02     0.50000E+02  0        1  12        1  14          2  19        2  17
        0.34853      0.97489E+02    0.98171E+02     0.50000E+02     0.50000E+02  0        1  18        1  20          2  25        2  23
        0.18484      0.99728E+02    0.10010E+03     0.50000E+02     0.50000E+02  0        2  16        2  18          3  23        3  21
        0.11225      0.97095E+02    0.97313E+02     0.50000E+02     0.50000E+02  0        2  14        2  16          3  21        3  19
       -2.89748      0.12921E+03    0.12194E+03     0.50000E+02     0.50000E+02  0        2   8        2  10          3  15        3  13
       -1.36083      0.10765E+03    0.10476E+03     0.50000E+02     0.50000E+02  0        1   7        1   9          2  14        2  12
        0.04037      0.11020E+03    0.11029E+03     0.50000E+02     0.50000E+02  0        1   9        1  11          2  16        2  14
       -0.04820      0.99050E+02    0.98955E+02     0.50000E+02     0.50000E+02  0        2  18        2  20          3  25        3  23
       -0.71281      0.11271E+03    0.11111E+03     0.50000E+02     0.50000E+02  0        2   4        2   6          3  11        3   9
        0.58068      0.98694E+02    0.99847E+02     0.50000E+02     0.50000E+02  0        1  15        1  17          2  22        2  20
       -0.57186      0.11257E+03    0.11129E+03     0.50000E+02     0.50000E+02  0        2   5        2   7          3  12        3  10
       -3.29448      0.12338E+03    0.11551E+03     0.50000E+02     0.50000E+02  0        1   5        1   7          2  12        2  10
       -1.12035      0.10035E+03    0.98124E+02     0.50000E+02     0.50000E+02  0        2  15        2  17          3  22        3  20
       -0.30822      0.97703E+02    0.97103E+02     0.50000E+02     0.50000E+02  0        1  13        1  15          2  20        2  18
       -2.23192      0.13000E+03    0.12432E+03     0.50000E+02     0.50000E+02  0        1   4        1   6          2  11        2   9
       -0.82417      0.10011E+03    0.98474E+02     0.50000E+02     0.50000E+02  0        1  17        1  19          2  24        2  22
        1.14353      0.97642E+02    0.99901E+02     0.50000E+02     0.50000E+02  0        2  13        2  15          3  20        3  18
       -2.62389      0.11807E+03    0.11203E+03     0.50000E+02     0.50000E+02  0        2   7        2   9          3  14        3  12
       -0.94120      0.10579E+03    0.10382E+03     0.50000E+02     0.50000E+02  0        1   6        1   8          2  13        2  11
       -0.89933      0.11193E+03    0.10993E+03     0.50000E+02     0.50000E+02  0        1   8        1  10          2  15        2  13
       -0.41215      0.99509E+02    0.98692E+02     0.50000E+02     0.50000E+02  0        2  17        2  19          3  24        3  22
       -0.17816      0.95472E+02    0.95132E+02     0.50000E+02     0.50000E+02  0        2   4        2   6          2  13        2  11
       -0.74855      0.10372E+03    0.10217E+03     0.50000E+02     0.50000E+02  0        1   9        1  11          1  18        1  16
       -0.15052      0.10812E+03    0.10780E+03     0.50000E+02     0.50000E+02  0        3   7        3   9          3  16        3  14
       -0.79793      0.10940E+03    0.10766E+03     0.50000E+02     0.50000E+02  0        3   6        3   8          3  15        3  13
       -0.07015      0.99737E+02    0.99597E+02     0.50000E+02     0.50000E+02  0        3  15        3  17          3  24        3  22
        0.23809      0.10627E+03    0.10678E+03     0.50000E+02     0.50000E+02  0        3   3        3   5          3  12        3  10
       -0.78249      0.10700E+03    0.10534E+03     0.50000E+02     0.50000E+02  0        1   5        1   7          1  14        1  12
       -0.45512      0.12010E+03    0.11901E+03     0.50000E+02     0.50000E+02  0        2   9        2  11          2  18        2  16
       -0.71666      0.10238E+03    0.10092E+03     0.50000E+02     0.50000E+02  0        3   1        3   3          3  10        3   8
       -0.72421      0.10022E+03    0.98776E+02     0.50000E+02     0.50000E+02  0        1  12        1  14          1  21        1  19
       -0.35908      0.92122E+02    0.91463E+02     0.50000E+02     0.50000E+02  0        2   6        2   8          2  15        2  13
        0.20630      0.10545E+03    0.10589E+03     0.50000E+02     0.50000E+02  0        3   8        3  10          3  17        3  15
       -0.22621      0.10241E+03    0.10195E+03     0.50000E+02     0.50000E+02  0        1   1        1   3          1  10        1   8
       -0.37544      0.98639E+02    0.97901E+02     0.50000E+02     0.50000E+02  0        2  15        2  17          2  24        2  22
       -0.30282      0.96748E+02    0.96164E+02     0.50000E+02     0.50000E+02  0        2  12        2  14          2  21        2  19
        0.47399      0.10110E+03    0.10206E+03     0.50000E+02     0.50000E+02  0        3  10        3  12          3  19        3  17
        0.16391      0.98455E+02    0.98779E+02     0.50000E+02     0.50000E+02  0        2  16        2  18          2  25        2  23
        0.10580      0.98228E+02    0.98436E+02     0.50000E+02     0.50000E+02  0        1  16        1  18          1  25        1  23
       -0.43657      0.10086E+03    0.99978E+02     0.50000E+02     0.50000E+02  0        3  11        3  13          3  20        3  18
       -0.76099      0.10515E+03    0.10356E+03     0.50000E+02     0.50000E+02  0        1   4        1   6          1  13        1  11
        0.05236      0.10627E+03    0.10638E+03     0.50000E+02     0.50000E+02  0        3   5        3   7          3  14        3  12
       -1.79668      0.10982E+03    0.10594E+03     0.50000E+02     0.50000E+02  0        2   7        2   9          2  16        2  14
        0.24511      0.97595E+02    0.98074E+02     0.50000E+02     0.50000E+02  0        2  13        2  15          2  22        2  20
        0.10432      0.10694E+03    0.10716E+03     0.50000E+02     0.50000E+02  0        1   3        1   5          1  12        1  10
        0.58887      0.99445E+02    0.10062E+03     0.50000E+02     0.50000E+02  0        1  10        1  12          1  19        1  17
        1.27233      0.10187E+03    0.10450E+03     0.50000E+02     0.50000E+02  0        2  10        2  12          2  19        2  17
        0.20985      0.10025E+03    0.10067E+03     0.50000E+02     0.50000E+02  0        3  13        3  15          3  22        3  20
       -0.42609      0.99925E+02    0.99077E+02     0.50000E+02     0.50000E+02  0        1  14        1  16          1  23        1  21
       -1.70154      0.12681E+03    0.12257E+03     0.50000E+02     0.50000E+02  0        2   2        2   4          2  11        2   9
        0.32539      0.10579E+03    0.10648E+03     0.50000E+02     0.50000E+02  0        3   2        3   4          3  11        3   9
       -2.55988      0.12020E+03    0.11420E+03     0.50000E+02     0.50000E+02  0        2   3        2   5          2  12        2  10
       -0.06986      0.10745E+03    0.10730E+03     0.50000E+02     0.50000E+02  0        1   7        1   9          1  16        1  14
        0.03275      0.10348E+03    0.10355E+03     0.50000E+02     0.50000E+02  0        3   9        3  11          3  18        3  16
        0.54039      0.98109E+02    0.99175E+02     0.50000E+02     0.50000E+02  0        1  15        1  17          1  24        1  22
        1.69552      0.10871E+03    0.11246E+03     0.50000E+02     0.50000E+02  0        2   1        2   3          2  10        2   8
        0.19552      0.10723E+03    0.10765E+03     0.50000E+02     0.50000E+02  0        1   8        1  10          1  17        1  15
       -0.00207      0.98658E+02    0.98654E+02     0.50000E+02     0.50000E+02  0        2  14        2  16          2  23        2  21
       -1.91078      0.12544E+03    0.12074E+03     0.50000E+02     0.50000E+02  0        2   8        2  10          2  17        2  15
       -0.72104      0.10825E+03    0.10670E+03     0.50000E+02     0.50000E+02  0        1   6        1   8          1  15        1  13
       -0.51360      0.10705E+03    0.10596E+03     0.50000E+02     0.50000E+02  0        3   4        3   6          3  13        3  11
        0.42153      0.99123E+02    0.99963E+02     0.50000E+02     0.50000E+02  0        1  11        1  13          1  20        1  18
        0.10714      0.90361E+02    0.90554E+02     0.50000E+02     0.50000E+02  0        2   5        2   7          2  14        2  12
       -0.33857      0.95180E+02    0.94538E+02     0.50000E+02     0.50000E+02  0        2  11        2  13          2  20        2  18
       -0.14792      0.99495E+02    0.99201E+02     0.50000E+02     0.50000E+02  0        1  13        1  15          1  22        1  20
        0.69021      0.99331E+02    0.10071E+03     0.50000E+02     0.50000E+02  0        3  16        3  18          3  25        3  23
        0.41523      0.10482E+03    0.10569E+03     0.50000E+02     0.50000E+02  0        1   2        1   4          1  11        1   9
        0.52908      0.99455E+02    0.10051E+03     0.50000E+02     0.50000E+02  0        3  14        3  16          3  23        3  21
       -0.76980      0.10106E+03    0.99514E+02     0.50000E+02     0.50000E+02  0        3  12        3  14          3  21        3  19
       -0.54881      0.99095E+02    0.98014E+02     0.50000E+02     0.50000E+02  0        1  17        1  19          2  25        2  23
       -0.61971      0.99899E+02    0.98668E+02     0.50000E+02     0.50000E+02  0        1  11        1  13          2  19        2  17
        0.37265      0.10774E+03    0.10855E+03     0.50000E+02     0.50000E+02  0        1   9        1  11          2  17        2  15
       -0.50806      0.10061E+03    0.99589E+02     0.50000E+02     0.50000E+02  0        2  17        2  19          3  25        3  23
       -1.29859      0.12108E+03    0.11798E+03     0.50000E+02     0.50000E+02  0        2   9        2  11          3  17        3  15
       -0.54090      0.98622E+02    0.97561E+02     0.50000E+02     0.50000E+02  0        2  15        2  17          3  23        3  21
       -0.80395      0.10953E+03    0.10779E+03     0.50000E+02     0.50000E+02  0        2   4        2   6          3  12        3  10
       -1.42357      0.11295E+03    0.10978E+03     0.50000E+02     0.50000E+02  0        2   7        2   9          3  15        3  13
       -0.53823      0.99814E+02    0.98745E+02     0.50000E+02     0.50000E+02  0        2  14        2  16          3  22        3  20
       -1.59273      0.10666E+03    0.10332E+03     0.50000E+02     0.50000E+02  0        1   7        1   9          2  15        2  13
       -0.43858      0.98303E+02    0.97444E+02     0.50000E+02     0.50000E+02  0        1  16        1  18          2  24        2  22
       -2.09666      0.12740E+03    0.12217E+03     0.50000E+02     0.50000E+02  0        1   3        1   5          2  11        2   9
        0.42647      0.98031E+02    0.98871E+02     0.50000E+02     0.50000E+02  0        1  14        1  16          2  22        2  20
       -0.57731      0.10044E+03    0.99288E+02     0.50000E+02     0.50000E+02  0        1   5        1   7          2  13        2  11
       -0.13009      0.97834E+02    0.97580E+02     0.50000E+02     0.50000E+02  0        1  13        1  15          2  21        2  19
       -0.25784      0.10213E+03    0.10161E+03     0.50000E+02     0.50000E+02  0        1  10        1  12          2  18        2  16
        0.93194      0.10048E+03    0.10237E+03     0.50000E+02     0.50000E+02  0        2  10        2  12          3  18        3  16
        0.13370      0.97111E+02    0.97371E+02     0.50000E+02     0.50000E+02  0        2  12        2  14          3  20        3  18
       -1.76462      0.10364E+03    0.10005E+03     0.50000E+02     0.50000E+02  0        2   5        2   7          3  13        3  11
       -0.73545      0.11105E+03    0.10942E+03     0.50000E+02     0.50000E+02  0        1   8        1  10          2  16        2  14
       -0.85005      0.10077E+03    0.99067E+02     0.50000E+02     0.50000E+02  0        2   6        2   8          3  14        3  12
       -0.46528      0.99271E+02    0.98351E+02     0.50000E+02     0.50000E+02  0        1  12        1  14          2  20        2  18
        0.01994      0.99931E+02    0.99971E+02     0.50000E+02     0.50000E+02  0        1  15        1  17          2  23        2  21
       -0.25114      0.10459E+03    0.10406E+03     0.50000E+02     0.50000E+02  0        2   2        2   4          3  10        3   8
       -2.87335      0.12281E+03    0.11595E+03     0.50000E+02     0.50000E+02  0        1   4        1   6          2  12        2  10
       -0.29475      0.10949E+03    0.10884E+03     0.50000E+02     0.50000E+02  0        2   3        2   5          3  11        3   9
       -1.02633      0.99713E+02    0.97687E+02     0.50000E+02     0.50000E+02  0        1   6        1   8          2  14        2  12
        1.28402      0.10811E+03    0.11092E+03     0.50000E+02     0.50000E+02  0        1   2        1   4          2  10        2   8
       -0.05267      0.99026E+02    0.98922E+02     0.50000E+02     0.50000E+02  0        2  16        2  18          3  24        3  22
       -2.79420      0.12591E+03    0.11906E+03     0.50000E+02     0.50000E+02  0        2   8        2  10          3  16        3  14
        0.24445      0.95009E+02    0.95475E+02     0.50000E+02     0.50000E+02  0        1   1        1   3          2   9        2   7
        0.45892      0.96733E+02    0.97625E+02     0.50000E+02     0.50000E+02  0        2  13        2  15          3  21        3  19
       -0.26392      0.94573E+02    0.94075E+02     0.50000E+02     0.50000E+02  0        2  11        2  13          3  19        3  17
       -0.37922      0.10165E+03    0.10088E+03     0.50000E+02     0.50000E+02  0        2   1        2   3          3   9        3   7
       -0.12967      0.97991E+02    0.97737E+02     0.50000E+02     0.50000E+02  0        1   4        1   6          2  13        2  11
        0.10011      0.94074E+02    0.94262E+02     0.50000E+02     0.50000E+02  0        2  11        2  13          3  20        3  18
       -0.13914      0.10925E+03    0.10895E+03     0.50000E+02     0.50000E+02  0        2   2        2   4          3  11        3   9
       -0.51643      0.10293E+03    0.10187E+03     0.50000E+02     0.50000E+02  0        1  10        1  12          2  19        2  17
       -0.03022      0.98803E+02    0.98743E+02     0.50000E+02     0.50000E+02  0        1  15        1  17          2  24        2  22
       -0.15252      0.10671E+03    0.10639E+03     0.50000E+02     0.50000E+02  0        1   9        1  11          2  18        2  16
       -1.00615      0.12151E+03    0.11909E+03     0.50000E+02     0.50000E+02  0        2   9        2  11          3  18        3  16
       -0.06664      0.98966E+02    0.98835E+02     0.50000E+02     0.50000E+02  0        2  13        2  15          3  22        3  20
       -1.06140      0.10602E+03    0.10379E+03     0.50000E+02     0.50000E+02  0        1   7        1   9          2  16        2  14
        0.89522      0.10204E+03    0.10389E+03     0.50000E+02     0.50000E+02  0        2  10        2  12          3  19        3  17
       -0.10403      0.99540E+02    0.99333E+02     0.50000E+02     0.50000E+02  0        1  14        1  16          2  23        2  21
       -0.33722      0.10055E+03    0.99877E+02     0.50000E+02     0.50000E+02  0        1  11        1  13          2  20        2  18
       -0.38004      0.95124E+02    0.94403E+02     0.50000E+02     0.50000E+02  0        1   5        1   7          2  14        2  12
        0.92212      0.10889E+03    0.11092E+03     0.50000E+02     0.50000E+02  0        1   1        1   3          2  10        2   8
       -2.38576      0.12511E+03    0.11928E+03     0.50000E+02     0.50000E+02  0        2   8        2  10          3  17        3  15
       -2.25548      0.11895E+03    0.11371E+03     0.50000E+02     0.50000E+02  0        1   3        1   5          2  12        2  10
       -0.05074      0.97849E+02    0.97750E+02     0.50000E+02     0.50000E+02  0        2  14        2  16          3  23        3  21
       -0.47939      0.10719E+03    0.10617E+03     0.50000E+02     0.50000E+02  0        2   3        2   5          3  12        3  10
       -1.17290      0.10880E+03    0.10627E+03     0.50000E+02     0.50000E+02  0        2   7        2   9          3  16        3  14
       -0.46981      0.10576E+03    0.10477E+03     0.50000E+02     0.50000E+02  0        2   1        2   3          3  10        3   8
       -1.84000      0.12625E+03    0.12169E+03     0.50000E+02     0.50000E+02  0        1   2        1   4          2  11        2   9
       -0.11028      0.96695E+02    0.96482E+02     0.50000E+02     0.50000E+02  0        2   6        2   8          3  15        3  13
       -1.78736      0.10235E+03    0.98753E+02     0.50000E+02     0.50000E+02  0        2   4        2   6          3  13        3  11
       -0.34118      0.96114E+02    0.95460E+02     0.50000E+02     0.50000E+02  0        2  12        2  14          3  21        3  19
       -0.20130      0.10000E+03    0.99600E+02     0.50000E+02     0.50000E+02  0        2  16        2  18          3  25        3  23
        0.52513      0.97276E+02    0.98303E+02     0.50000E+02     0.50000E+02  0        1  13        1  15          2  22        2  20
       -0.95262      0.98974E+02    0.97106E+02     0.50000E+02     0.50000E+02  0        2   5        2   7          3  14        3  12
       -0.79685      0.98445E+02    0.96889E+02     0.50000E+02     0.50000E+02  0        2  15        2  17          3  24        3  22
       -0.20659      0.97626E+02    0.97223E+02     0.50000E+02     0.50000E+02  0        1  16        1  18          2  25        2  23
       -0.18824      0.10926E+03    0.10885E+03     0.50000E+02     0.50000E+02  0        1   8        1  10          2  17        2  15
       -1.42181      0.10008E+03    0.97270E+02     0.50000E+02     0.50000E+02  0        1   6        1   8          2  15        2  13
        0.04586      0.98721E+02    0.98811E+02     0.50000E+02     0.50000E+02  0        1  12        1  14          2  21        2  19
        0.24647      0.10284E+03    0.10334E+03     0.50000E+02     0.50000E+02  0        1   9        1  11          1  19        1  17
       -0.71566      0.10543E+03    0.10393E+03     0.50000E+02     0.50000E+02  0        3   5        3   7          3  15        3  13
       -0.12038      0.91074E+02    0.90855E+02     0.50000E+02     0.50000E+02  0        2   6        2   8          2  16        2  14
       -0.53740      0.12184E+03    0.12053E+03     0.50000E+02     0.50000E+02  0        2   9        2  11          2  19        2  17
        0.09302      0.93961E+02    0.94136E+02     0.50000E+02     0.50000E+02  0        2  11        2  13          2  21        2  19
        1.05515      0.10247E+03    0.10466E+03     0.50000E+02     0.50000E+02  0        2  10        2  12          2  20        2  18
        0.12183      0.98199E+02    0.98438E+02     0.50000E+02     0.50000E+02  0        2  13        2  15          2  23        2  21
        0.06186      0.99450E+02    0.99573E+02     0.50000E+02     0.50000E+02  0        3  14        3  16          3  24        3  22
       -0.17923      0.10036E+03    0.99996E+02     0.50000E+02     0.50000E+02  0        1  11        1  13          1  21        1  19
        0.31584      0.10130E+03    0.10194E+03     0.50000E+02     0.50000E+02  0        3  10        3  12          3  20        3  18
       -1.46489      0.12424E+03    0.12065E+03     0.50000E+02     0.50000E+02  0        2   8        2  10          2  18        2  16
       -1.62800      0.12669E+03    0.12263E+03     0.50000E+02     0.50000E+02  0        2   1        2   3          2  11        2   9
       -0.21818      0.96412E+02    0.95992E+02     0.50000E+02     0.50000E+02  0        2  12        2  14          2  22        2  20
       -0.02274      0.99186E+02    0.99141E+02     0.50000E+02     0.50000E+02  0        1  13        1  15          1  23        1  21
       -0.37443      0.98267E+02    0.97533E+02     0.50000E+02     0.50000E+02  0        2  15        2  17          2  25        2  23
        0.16636      0.10501E+03    0.10536E+03     0.50000E+02     0.50000E+02  0        3   9        3  11          3  19        3  17
        0.00213      0.94022E+02    0.94026E+02     0.50000E+02     0.50000E+02  0        2   3        2   5          2  13        2  11
       -0.18021      0.97912E+02    0.97560E+02     0.50000E+02     0.50000E+02  0        2  14        2  16          2  24        2  22
       -0.66841      0.10713E+03    0.10571E+03     0.50000E+02     0.50000E+02  0        2   7        2   9          2  17        2  15
        0.02307      0.99918E+02    0.99964E+02     0.50000E+02     0.50000E+02  0        1  10        1  12          1  20        1  18
       -0.00197      0.99601E+02    0.99597E+02     0.50000E+02     0.50000E+02  0        1  12        1  14          1  22        1  20
        0.30326      0.10615E+03    0.10680E+03     0.50000E+02     0.50000E+02  0        3   1        3   3          3  11        3   9
       -1.79770      0.11755E+03    0.11340E+03     0.50000E+02     0.50000E+02  0        2   2        2   4          2  12        2  10
       -0.14922      0.10618E+03    0.10586E+03     0.50000E+02     0.50000E+02  0        1   6        1   8          1  16        1  14
        0.16618      0.10733E+03    0.10769E+03     0.50000E+02     0.50000E+02  0        3   2        3   4          3  12        3  10
       -0.76133      0.10072E+03    0.99195E+02     0.50000E+02     0.50000E+02  0        3  11        3  13          3  21        3  19
       -0.00204      0.99149E+02    0.99145E+02     0.50000E+02     0.50000E+02  0        1  14        1  16          1  24        1  22
       -0.05709      0.99096E+02    0.98983E+02     0.50000E+02     0.50000E+02  0        3  15        3  17          3  25        3  23
       -0.57572      0.10465E+03    0.10345E+03     0.50000E+02     0.50000E+02  0        1   3        1   5          1  13        1  11
       -0.97293      0.10676E+03    0.10470E+03     0.50000E+02     0.50000E+02  0        3   6        3   8          3  16        3  14
       -0.59670      0.10520E+03    0.10396E+03     0.50000E+02     0.50000E+02  0        3   3        3   5          3  13        3  11
       -0.63841      0.10538E+03    0.10405E+03     0.50000E+02     0.50000E+02  0        1   5        1   7          1  15        1  13
        0.35504      0.89241E+02    0.89877E+02     0.50000E+02     0.50000E+02  0        2   4        2   6          2  14        2  12
       -0.27009      0.10453E+03    0.10397E+03     0.50000E+02     0.50000E+02  0        3   4        3   6          3  14        3  12
       -0.27755      0.10717E+03    0.10658E+03     0.50000E+02     0.50000E+02  0        1   2        1   4          1  12        1  10
        0.13517      0.10620E+03    0.10649E+03     0.50000E+02     0.50000E+02  0        3   7        3   9          3  17        3  15
        0.10515      0.10679E+03    0.10702E+03     0.50000E+02     0.50000E+02  0        1   7        1   9          1  17        1  15
       -0.18266      0.10104E+03    0.10067E+03     0.50000E+02     0.50000E+02  0        3  12        3  14          3  22        3  20
       -0.46929      0.10794E+03    0.10693E+03     0.50000E+02     0.50000E+02  0        1   8        1  10          1  18        1  16
        0.09657      0.10606E+03    0.10627E+03     0.50000E+02     0.50000E+02  0        1   1        1   3          1  11        1   9
       -0.00488      0.10626E+03    0.10625E+03     0.50000E+02     0.50000E+02  0        3   8        3  10          3  18        3  16
       -0.34163      0.89513E+02    0.88903E+02     0.50000E+02     0.50000E+02  0        2   5        2   7          2  15        2  13
        0.26321      0.98523E+02    0.99043E+02     0.50000E+02     0.50000E+02  0        3  13        3  15          3  23        3  21
        0.44035      0.98387E+02    0.99257E+02     0.50000E+02     0.50000E+02  0        1  15        1  17          1  25        1  23
       -1.03211      0.10420E+03    0.10207E+03     0.50000E+02     0.50000E+02  0        1   4        1   6          1  14        1  12
        0.05167      0.93434E+02    0.93530E+02     0.50000E+02     0.50000E+02  0        2   6        2   8          3  16        3  14
        0.17592      0.99942E+02    0.10029E+03     0.50000E+02     0.50000E+02  0        1  11        1  13          2  21        2  19
        0.35441      0.95138E+02    0.95815E+02     0.50000E+02     0.50000E+02  0        1   3        1   5          2  13        2  11
       -0.30302      0.10458E+03    0.10395E+03     0.50000E+02     0.50000E+02  0        1   7        1   9          2  17        2  15
       -0.42682      0.10829E+03    0.10737E+03     0.50000E+02     0.50000E+02  0        1   8        1  10          2  18        2  16
        0.14113      0.98618E+02    0.98897E+02     0.50000E+02     0.50000E+02  0        1  13        1  15          2  23        2  21
       -1.36451      0.10101E+03    0.98291E+02     0.50000E+02     0.50000E+02  0        2   3        2   5          3  13        3  11
        0.11104      0.92869E+02    0.93075E+02     0.50000E+02     0.50000E+02  0        1   4        1   6          2  14        2  12
        0.06823      0.98207E+02    0.98342E+02     0.50000E+02     0.50000E+02  0        1  15        1  17          2  25        2  23
       -0.89993      0.12285E+03    0.12066E+03     0.50000E+02     0.50000E+02  0        2   9        2  11          3  19        3  17
       -0.62174      0.10687E+03    0.10555E+03     0.50000E+02     0.50000E+02  0        2   7        2   9          3  17        3  15
       -1.81118      0.11672E+03    0.11257E+03     0.50000E+02     0.50000E+02  0        1   2        1   4          2  12        2  10
        0.21654      0.97212E+02    0.97634E+02     0.50000E+02     0.50000E+02  0        2  13        2  15          3  23        3  21
       -2.04744      0.12643E+03    0.12136E+03     0.50000E+02     0.50000E+02  0        1   1        1   3          2  11        2   9
       -1.84508      0.12419E+03    0.11969E+03     0.50000E+02     0.50000E+02  0        2   8        2  10          3  18        3  16
       -0.44949      0.10323E+03    0.10230E+03     0.50000E+02     0.50000E+02  0        1  10        1  12          2  20        2  18
       -0.37398      0.97735E+02    0.97007E+02     0.50000E+02     0.50000E+02  0        2  14        2  16          3  24        3  22
       -0.92703      0.98043E+02    0.96242E+02     0.50000E+02     0.50000E+02  0        2   4        2   6          3  14        3  12
       -0.49798      0.95682E+02    0.94734E+02     0.50000E+02     0.50000E+02  0        2   5        2   7          3  15        3  13
       -0.27408      0.98782E+02    0.98242E+02     0.50000E+02     0.50000E+02  0        1  14        1  16          2  24        2  22
        0.66717      0.98136E+02    0.99454E+02     0.50000E+02     0.50000E+02  0        1  12        1  14          2  22        2  20
        0.88599      0.10243E+03    0.10426E+03     0.50000E+02     0.50000E+02  0        2  10        2  12          3  20        3  18
       -0.24818      0.10697E+03    0.10645E+03     0.50000E+02     0.50000E+02  0        2   2        2   4          3  12        3  10
       -0.50543      0.97561E+02    0.96579E+02     0.50000E+02     0.50000E+02  0        2  12        2  14          3  22        3  20
       -0.05975      0.10955E+03    0.10942E+03     0.50000E+02     0.50000E+02  0        2   1        2   3          3  11        3   9
       -0.44281      0.10719E+03    0.10625E+03     0.50000E+02     0.50000E+02  0        1   9        1  11          2  19        2  17
       -0.72789      0.95785E+02    0.94400E+02     0.50000E+02     0.50000E+02  0        1   5        1   7          2  15        2  13
       -0.97367      0.10020E+03    0.98267E+02     0.50000E+02     0.50000E+02  0        1   6        1   8          2  16        2  14
       -0.19927      0.93393E+02    0.93021E+02     0.50000E+02     0.50000E+02  0        2  11        2  13          3  21        3  19
       -0.81450      0.99183E+02    0.97580E+02     0.50000E+02     0.50000E+02  0        2  15        2  17          3  25        3  23
       -0.15294      0.89295E+02    0.89022E+02     0.50000E+02     0.50000E+02  0        2   4        2   6          2  15        2  13
       -0.88647      0.10326E+03    0.10145E+03     0.50000E+02     0.50000E+02  0        3   4        3   6          3  15        3  13
        0.15796      0.10612E+03    0.10646E+03     0.50000E+02     0.50000E+02  0        3   7        3   9          3  18        3  16
        0.73167      0.92702E+02    0.94068E+02     0.50000E+02     0.50000E+02  0        2   2        2   4          2  13        2  11
       -0.29854      0.10359E+03    0.10297E+03     0.50000E+02     0.50000E+02  0        1   9        1  11          1  20        1  18
        0.22050      0.10716E+03    0.10763E+03     0.50000E+02     0.50000E+02  0        3   1        3   3          3  12        3  10
        0.14951      0.98765E+02    0.99061E+02     0.50000E+02     0.50000E+02  0        3  14        3  16          3  25        3  23
       -1.05118      0.10302E+03    0.10088E+03     0.50000E+02     0.50000E+02  0        3   5        3   7          3  16        3  14
       -0.21778      0.97600E+02    0.97176E+02     0.50000E+02     0.50000E+02  0        2  14        2  16          2  25        2  23
       -0.04245      0.97426E+02    0.97344E+02     0.50000E+02     0.50000E+02  0        2  13        2  15          2  24        2  22
        0.11294      0.99114E+02    0.99338E+02     0.50000E+02     0.50000E+02  0        1  14        1  16          1  25        1  23
        0.30438      0.98460E+02    0.99062E+02     0.50000E+02     0.50000E+02  0        1  13        1  15          1  24        1  22
       -0.89535      0.12252E+03    0.12034E+03     0.50000E+02     0.50000E+02  0        2   9        2  11          2  20        2  18
        0.42456      0.99897E+02    0.10075E+03     0.50000E+02     0.50000E+02  0        1  11        1  13          1  22        1  20
       -0.09210      0.98580E+02    0.98399E+02     0.50000E+02     0.50000E+02  0        3  13        3  15          3  24        3  22
       -0.54716      0.10130E+03    0.10020E+03     0.50000E+02     0.50000E+02  0        1  10        1  12          1  21        1  19
        0.08073      0.89164E+02    0.89308E+02     0.50000E+02     0.50000E+02  0        2   3        2   5          2  14        2  12
        1.16187      0.10227E+03    0.10467E+03     0.50000E+02     0.50000E+02  0        2  10        2  12          2  21        2  19
        0.35343      0.93693E+02    0.94357E+02     0.50000E+02     0.50000E+02  0        2  11        2  13          2  22        2  20
        0.17766      0.10494E+03    0.10531E+03     0.50000E+02     0.50000E+02  0        1   6        1   8          1  17        1  15
       -0.33211      0.10249E+03    0.10181E+03     0.50000E+02     0.50000E+02  0        3   3        3   5          3  14        3  12
       -0.34077      0.10676E+03    0.10603E+03     0.50000E+02     0.50000E+02  0        1   7        1   9          1  18        1  16
       -1.46667      0.11617E+03    0.11281E+03     0.50000E+02     0.50000E+02  0        2   1        2   3          2  12        2  10
       -0.11355      0.10164E+03    0.10141E+03     0.50000E+02     0.50000E+02  0        3  10        3  12          3  21        3  19
       -0.48916      0.10534E+03    0.10431E+03     0.50000E+02     0.50000E+02  0        3   2        3   4          3  13        3  11
       -1.16163      0.12418E+03    0.12133E+03     0.50000E+02     0.50000E+02  0        2   8        2  10          2  19        2  17
       -0.02853      0.10317E+03    0.10312E+03     0.50000E+02     0.50000E+02  0        1   5        1   7          1  16        1  14
       -0.69401      0.10431E+03    0.10287E+03     0.50000E+02     0.50000E+02  0        1   2        1   4          1  13        1  11
       -0.54342      0.10426E+03    0.10314E+03     0.50000E+02     0.50000E+02  0        3   6        3   8          3  17        3  15
        0.00233      0.10556E+03    0.10556E+03     0.50000E+02     0.50000E+02  0        2   7        2   9          2  18        2  16
       -0.77429      0.10302E+03    0.10144E+03     0.50000E+02     0.50000E+02  0        1   3        1   5          1  14        1  12
        0.42120      0.10657E+03    0.10747E+03     0.50000E+02     0.50000E+02  0        1   8        1  10          1  19        1  17
       -0.49561      0.10768E+03    0.10662E+03     0.50000E+02     0.50000E+02  0        1   1        1   3          1  12        1  10
       -0.24734      0.10081E+03    0.10031E+03     0.50000E+02     0.50000E+02  0        3  11        3  13          3  22        3  20
       -0.27701      0.89502E+02    0.89007E+02     0.50000E+02     0.50000E+02  0        2   5        2   7          2  16        2  14
       -0.05294      0.10534E+03    0.10523E+03     0.50000E+02     0.50000E+02  0        3   9        3  11          3  20        3  18
       -0.86348      0.10241E+03    0.10066E+03     0.50000E+02     0.50000E+02  0        1   4        1   6          1  15        1  13
        0.55809      0.90285E+02    0.91299E+02     0.50000E+02     0.50000E+02  0        2   6        2   8          2  17        2  15
        0.18890      0.10731E+03    0.10772E+03     0.50000E+02     0.50000E+02  0        3   8        3  10          3  19        3  17
       -0.07311      0.99429E+02    0.99284E+02     0.50000E+02     0.50000E+02  0        3  12        3  14          3  23        3  21
        0.17882      0.99222E+02    0.99578E+02     0.50000E+02     0.50000E+02  0        1  12        1  14          1  23        1  21
       -0.31330      0.96740E+02    0.96136E+02     0.50000E+02     0.50000E+02  0        2  12        2  14          2  23        2  21
        0.63813      0.93570E+02    0.94772E+02     0.50000E+02     0.50000E+02  0        1   2        1   4          2  13        2  11
       -0.26442      0.93514E+02    0.93021E+02     0.50000E+02     0.50000E+02  0        1   4        1   6          2  15        2  13
       -0.19871      0.99418E+02    0.99023E+02     0.50000E+02     0.50000E+02  0        1   6        1   8          2  17        2  15
        0.43685      0.90992E+02    0.91791E+02     0.50000E+02     0.50000E+02  0        1   3        1   5          2  14        2  12
       -0.28649      0.10378E+03    0.10319E+03     0.50000E+02     0.50000E+02  0        1   7        1   9          2  18        2  16
       -0.41365      0.96230E+02    0.95438E+02     0.50000E+02     0.50000E+02  0        1   5        1   7          2  16        2  14
       -0.64302      0.95413E+02    0.94194E+02     0.50000E+02     0.50000E+02  0        2   4        2   6          3  15        3  13
       -0.22942      0.98351E+02    0.97900E+02     0.50000E+02     0.50000E+02  0        1  14        1  16          2  25        2  23
        0.45846      0.10254E+03    0.10348E+03     0.50000E+02     0.50000E+02  0        2  10        2  12          3  21        3  19
       -1.74147      0.11583E+03    0.11186E+03     0.50000E+02     0.50000E+02  0        1   1        1   3          2  12        2  10
       -0.09345      0.97117E+02    0.96936E+02     0.50000E+02     0.50000E+02  0        2  13        2  15          3  24        3  22
       -0.14321      0.10262E+03    0.10233E+03     0.50000E+02     0.50000E+02  0        1  10        1  12          2  21        2  19
       -0.61322      0.97103E+02    0.95920E+02     0.50000E+02     0.50000E+02  0        2   3        2   5          3  14        3  12
        0.70665      0.99515E+02    0.10093E+03     0.50000E+02     0.50000E+02  0        1  11        1  13          2  22        2  20
       -1.39350      0.12429E+03    0.12088E+03     0.50000E+02     0.50000E+02  0        2   8        2  10          3  19        3  17
       -0.54488      0.10725E+03    0.10609E+03     0.50000E+02     0.50000E+02  0        1   9        1  11          2  20        2  18
       -0.37040      0.92946E+02    0.92260E+02     0.50000E+02     0.50000E+02  0        2   5        2   7          3  16        3  14
       -1.03728      0.12305E+03    0.12052E+03     0.50000E+02     0.50000E+02  0        2   9        2  11          3  20        3  18
        0.45325      0.99099E+02    0.10000E+03     0.50000E+02     0.50000E+02  0        1  12        1  14          2  23        2  21
       -0.09954      0.10715E+03    0.10694E+03     0.50000E+02     0.50000E+02  0        2   1        2   3          3  12        3  10
       -0.10375      0.10560E+03    0.10538E+03     0.50000E+02     0.50000E+02  0        2   7        2   9          3  18        3  16
       -0.38227      0.98198E+02    0.97450E+02     0.50000E+02     0.50000E+02  0        2  14        2  16          3  25        3  23
       -0.10713      0.94512E+02    0.94310E+02     0.50000E+02     0.50000E+02  0        2  11        2  13          3  22        3  20
       -0.51164      0.10848E+03    0.10738E+03     0.50000E+02     0.50000E+02  0        1   8        1  10          2  19        2  17
       -0.07157      0.98060E+02    0.97919E+02     0.50000E+02     0.50000E+02  0        1  13        1  15          2  24        2  22
       -0.94714      0.10111E+03    0.99211E+02     0.50000E+02     0.50000E+02  0        2   2        2   4          3  13        3  11
       -0.24109      0.95870E+02    0.95409E+02     0.50000E+02     0.50000E+02  0        2  12        2  14          3  23        3  21
        0.51673      0.91893E+02    0.92847E+02     0.50000E+02     0.50000E+02  0        2   6        2   8          3  17        3  15
       -1.09108      0.10488E+03    0.10262E+03     0.50000E+02     0.50000E+02  0        1   8        1  10          3  16        3  14
        0.20078      0.98124E+02    0.98519E+02     0.50000E+02     0.50000E+02  0        1  12        1  14          3  20        3  18
       -1.69228      0.11636E+03    0.11248E+03     0.50000E+02     0.50000E+02  0        1   3        1   5          3  11        3   9
        0.01017      0.97527E+02    0.97546E+02     0.50000E+02     0.50000E+02  0        1  15        1  17          3  23        3  21
       -1.05770      0.11337E+03    0.11100E+03     0.50000E+02     0.50000E+02  0        1   2        1   4          3  10        3   8
        0.18434      0.94127E+02    0.94475E+02     0.50000E+02     0.50000E+02  0        1  13        1  15          3  21        3  19
        0.08426      0.95837E+02    0.95999E+02     0.50000E+02     0.50000E+02  0        1  16        1  18          3  24        3  22
       -1.41488      0.11916E+03    0.11583E+03     0.50000E+02     0.50000E+02  0        1   9        1  11          3  17        3  15
       -0.51387      0.10459E+03    0.10352E+03     0.50000E+02     0.50000E+02  0        1  11        1  13          3  19        3  17
        0.15271      0.97341E+02    0.97639E+02     0.50000E+02     0.50000E+02  0        1  14        1  16          3  22        3  20
       -2.20528      0.73382E+02    0.70216E+02     0.50000E+02     0.50000E+02  0        1   6        1   8          3  14        3  12
       -0.34014      0.98412E+02    0.97745E+02     0.50000E+02     0.50000E+02  0        1   4        1   6          3  12        3  10
       -0.17659      0.10443E+03    0.10406E+03     0.50000E+02     0.50000E+02  0        1   1        1   3          3   9        3   7
       -0.92327      0.11207E+03    0.11002E+03     0.50000E+02     0.50000E+02  0        1  10        1  12          3  18        3  16
       -1.64871      0.75318E+02    0.72875E+02     0.50000E+02     0.50000E+02  0        1   5        1   7          3  13        3  11
        0.25295      0.98248E+02    0.98746E+02     0.50000E+02     0.50000E+02  0        1  17        1  19          3  25        3  23
       -0.86886      0.85701E+02    0.84225E+02     0.50000E+02     0.50000E+02  0        1   7        1   9          3  15        3  13
       -0.01833      0.97548E+02    0.97512E+02     0.50000E+02     0.50000E+02  0        1  15        1  17          3  24        3  22
       -1.14604      0.11145E+03    0.10893E+03     0.50000E+02     0.50000E+02  0        1   2        1   4          3  11        3   9
       -0.06048      0.79927E+02    0.79830E+02     0.50000E+02     0.50000E+02  0        1   5        1   7          3  14        3  12
        0.07299      0.97942E+02    0.98085E+02     0.50000E+02     0.50000E+02  0        1  16        1  18          3  25        3  23
        0.03792      0.97008E+02    0.97082E+02     0.50000E+02     0.50000E+02  0        1  13        1  15          3  22        3  20
       -0.85249      0.81110E+02    0.79739E+02     0.50000E+02     0.50000E+02  0        1   6        1   8          3  15        3  13
       -0.56534      0.87316E+02    0.86334E+02     0.50000E+02     0.50000E+02  0        1   4        1   6          3  13        3  11
       -1.07569      0.11409E+03    0.11166E+03     0.50000E+02     0.50000E+02  0        1   9        1  11          3  18        3  16
       -0.73958      0.11042E+03    0.10879E+03     0.50000E+02     0.50000E+02  0        1  10        1  12          3  19        3  17
        0.05165      0.96489E+02    0.96589E+02     0.50000E+02     0.50000E+02  0        1  14        1  16          3  23        3  21
       -0.79343      0.92421E+02    0.90966E+02     0.50000E+02     0.50000E+02  0        1   7        1   9          3  16        3  14
       -0.87645      0.10932E+03    0.10742E+03     0.50000E+02     0.50000E+02  0        1   1        1   3          3  10        3   8
       -0.07419      0.10201E+03    0.10186E+03     0.50000E+02     0.50000E+02  0        1  11        1  13          3  20        3  18
       -0.60331      0.10060E+03    0.99392E+02     0.50000E+02     0.50000E+02  0        1   3        1   5          3  12        3  10
       -1.19811      0.10747E+03    0.10492E+03     0.50000E+02     0.50000E+02  0        1   8        1  10          3  17        3  15
        0.45419      0.97237E+02    0.98124E+02     0.50000E+02     0.50000E+02  0        1  12        1  14          3  21        3  19
        0.42088      0.99109E+02    0.99947E+02     0.50000E+02     0.50000E+02  0        1  12        1  14          3  22        3  20
       -0.54150      0.10762E+03    0.10646E+03     0.50000E+02     0.50000E+02  0        1  10        1  12          3  20        3  18
        0.68346      0.86336E+02    0.87524E+02     0.50000E+02     0.50000E+02  0        1   4        1   6          3  14        3  12
       -0.89315      0.10970E+03    0.10776E+03     0.50000E+02     0.50000E+02  0        1   1        1   3          3  11        3   9
       -0.68702      0.86084E+02    0.84909E+02     0.50000E+02     0.50000E+02  0        1   6        1   8          3  16        3  14
        0.50896      0.83034E+02    0.83884E+02     0.50000E+02     0.50000E+02  0        1   5        1   7          3  15        3  13
       -0.54383      0.10067E+03    0.99579E+02     0.50000E+02     0.50000E+02  0        1   2        1   4          3  12        3  10
       -0.80254      0.96541E+02    0.95003E+02     0.50000E+02     0.50000E+02  0        1   7        1   9          3  17        3  15
        0.07094      0.96151E+02    0.96287E+02     0.50000E+02     0.50000E+02  0        1  13        1  15          3  23        3  21
       -0.76409      0.11303E+03    0.11131E+03     0.50000E+02     0.50000E+02  0        1   9        1  11          3  19        3  17
       -0.13107      0.96907E+02    0.96654E+02     0.50000E+02     0.50000E+02  0        1  14        1  16          3  24        3  22
        0.09578      0.98879E+02    0.99069E+02     0.50000E+02     0.50000E+02  0        1  15        1  17          3  25        3  23
       -0.98335      0.10711E+03    0.10503E+03     0.50000E+02     0.50000E+02  0        1   8        1  10          3  18        3  16
       -0.87896      0.90464E+02    0.88887E+02     0.50000E+02     0.50000E+02  0        1   3        1   5          3  13        3  11
        0.08111      0.10069E+03    0.10085E+03     0.50000E+02     0.50000E+02  0        1  11        1  13          3  21        3  19
       -7.39836      0.52946E+02    0.45664E+02     0.50000E+02     0.50000E+02  0        1   6        1   8          3  13        3  11
       -0.99255      0.12281E+03    0.12039E+03     0.50000E+02     0.50000E+02  0        1  10        1  12          3  17        3  15
       -0.45211      0.10105E+03    0.10014E+03     0.50000E+02     0.50000E+02  0        1  12        1  14          3  19        3  17
       -0.66439      0.93360E+02    0.92128E+02     0.50000E+02     0.50000E+02  0        1  13        1  15          3  20        3  18
       -1.04752      0.98947E+02    0.96896E+02     0.50000E+02     0.50000E+02  0        1   8        1  10          3  15        3  13
       -2.45032      0.79701E+02    0.75889E+02     0.50000E+02     0.50000E+02  0        1   5        1   7          3  12        3  10
        0.44659      0.94488E+02    0.95336E+02     0.50000E+02     0.50000E+02  0        1  16        1  18          3  23        3  21
        0.82587      0.95795E+02    0.97390E+02     0.50000E+02     0.50000E+02  0        1   1        1   3          3   8        3   6
        0.49358      0.97076E+02    0.98039E+02     0.50000E+02     0.50000E+02  0        1  18        1  20          3  25        3  23
       -1.63398      0.12734E+03    0.12325E+03     0.50000E+02     0.50000E+02  0        1   3        1   5          3  10        3   8
       -1.87813      0.12757E+03    0.12287E+03     0.50000E+02     0.50000E+02  0        1   9        1  11          3  16        3  14
       -2.33815      0.12483E+03    0.11913E+03     0.50000E+02     0.50000E+02  0        1   4        1   6          3  11        3   9
        0.18662      0.99280E+02    0.99651E+02     0.50000E+02     0.50000E+02  0        1  15        1  17          3  22        3  20
        0.55958      0.94308E+02    0.95370E+02     0.50000E+02     0.50000E+02  0        1  17        1  19          3  24        3  22
       -0.42094      0.11135E+03    0.11042E+03     0.50000E+02     0.50000E+02  0        1   2        1   4          3   9        3   7
       -0.08694      0.10376E+03    0.10358E+03     0.50000E+02     0.50000E+02  0        1  11        1  13          3  18        3  16
       -2.60584      0.70116E+02    0.66556E+02     0.50000E+02     0.50000E+02  0        1   7        1   9          3  14        3  12
        0.22470      0.93975E+02    0.94399E+02     0.50000E+02     0.50000E+02  0        1  14        1  16          3  21        3  19
        1.04689      0.86755E+02    0.88590E+02     0.50000E+02     0.50000E+02  0        1   4        1   6          3  15        3  13
        0.36977      0.88236E+02    0.88891E+02     0.50000E+02     0.50000E+02  0        1   3        1   5          3  14        3  12
        0.53727      0.97837E+02    0.98894E+02     0.50000E+02     0.50000E+02  0        1  12        1  14          3  23        3  21
       -0.61146      0.10791E+03    0.10660E+03     0.50000E+02     0.50000E+02  0        1   8        1  10          3  19        3  17
        0.20608      0.10196E+03    0.10238E+03     0.50000E+02     0.50000E+02  0        1  11        1  13          3  22        3  20
       -0.57169      0.10588E+03    0.10467E+03     0.50000E+02     0.50000E+02  0        1  10        1  12          3  21        3  19
       -0.06981      0.98208E+02    0.98070E+02     0.50000E+02     0.50000E+02  0        1  14        1  16          3  25        3  23
       -0.60708      0.89902E+02    0.88817E+02     0.50000E+02     0.50000E+02  0        1   6        1   8          3  17        3  15
       -0.57997      0.97811E+02    0.96683E+02     0.50000E+02     0.50000E+02  0        1   7        1   9          3  18        3  16
        0.45374      0.85750E+02    0.86531E+02     0.50000E+02     0.50000E+02  0        1   5        1   7          3  16        3  14
       -0.07076      0.96541E+02    0.96405E+02     0.50000E+02     0.50000E+02  0        1  13        1  15          3  24        3  22
       -0.73428      0.11085E+03    0.10923E+03     0.50000E+02     0.50000E+02  0        1   9        1  11          3  20        3  18
       -0.52758      0.10130E+03    0.10024E+03     0.50000E+02     0.50000E+02  0        1   1        1   3          3  12        3  10
       -0.94011      0.91860E+02    0.90149E+02     0.50000E+02     0.50000E+02  0        1   2        1   4          3  13        3  11
